<?xml version="1.0" encoding="UTF-8"?>
<!-- Generated by org.testng.reporters.JUnitReportReporter -->
<testsuite skipped="0" hostname="NTBK-TXI-001" name="tests.Tests" tests="2" failures="0" timestamp="17 Oct 2018 18:52:47 GMT" time="107.034" errors="0">
  <testcase name="pruebaPass" time="75.616" classname="tests.Tests"/>
  <testcase name="loginFail" time="31.418" classname="tests.Tests"/>
</testsuite> <!-- tests.Tests -->
